<?xml version="1.0" encoding="UTF-8" ?>
<testsuite failures="0" time="1.595" errors="0" skipped="0" tests="3" name="org.pcollections.tests.ConsPStackTest">
  <properties>
[...]
</properties>
  <testcase time="1.592" classname="org.pcollections.tests.ConsPStackTest" name="testRandomlyAgainstJavaList"/>
  <testcase time="0" classname="org.pcollections.tests.ConsPStackTest" name="testSubListIntInt"/>
  <testcase time="0" classname="org.pcollections.tests.ConsPStackTest" name="testMinusObject"/>
</testsuite>